TN:
SF:/Users/apple/D/project/easy-eventbus/src/eventBus.js
FN:12,Observer
FN:31,_addListener
FN:34,(anonymous_2)
FN:59,_removeListener
FN:60,(anonymous_4)
FN:63,_getListener
FN:73,(anonymous_6)
FN:100,(anonymous_7)
FN:101,(anonymous_8)
FN:102,(anonymous_9)
FN:118,(anonymous_10)
FN:128,(anonymous_11)
FN:129,(anonymous_12)
FN:145,(anonymous_13)
FN:157,(anonymous_14)
FN:159,(anonymous_15)
FNF:16
FNH:16
FNDA:14,Observer
FNDA:8,_addListener
FNDA:2,(anonymous_2)
FNDA:1,_removeListener
FNDA:1,(anonymous_4)
FNDA:1,_getListener
FNDA:17,(anonymous_6)
FNDA:22,(anonymous_7)
FNDA:8,(anonymous_8)
FNDA:4,(anonymous_9)
FNDA:5,(anonymous_10)
FNDA:3,(anonymous_11)
FNDA:3,(anonymous_12)
FNDA:1,(anonymous_13)
FNDA:3,(anonymous_14)
FNDA:2,(anonymous_15)
DA:12,1
DA:20,14
DA:21,14
DA:22,14
DA:31,1
DA:33,8
DA:34,8
DA:35,2
DA:36,2
DA:37,1
DA:39,2
DA:41,8
DA:42,1
DA:47,7
DA:59,1
DA:60,1
DA:63,1
DA:64,1
DA:73,1
DA:74,17
DA:76,17
DA:77,17
DA:78,17
DA:79,17
DA:85,17
DA:89,17
DA:90,17
DA:100,22
DA:101,22
DA:102,8
DA:103,4
DA:104,4
DA:105,4
DA:118,5
DA:119,5
DA:128,3
DA:129,3
DA:130,3
DA:131,2
DA:132,2
DA:133,2
DA:134,2
DA:136,1
DA:145,1
DA:146,1
DA:147,1
DA:158,3
DA:159,2
DA:161,1
LF:49
LH:49
BRDA:36,0,0,1
BRDA:36,0,1,1
BRDA:41,1,0,1
BRDA:41,1,1,7
BRDA:103,2,0,4
BRDA:103,2,1,0
BRDA:130,3,0,2
BRDA:130,3,1,1
BRDA:158,4,0,2
BRDA:158,4,1,1
BRF:10
BRH:9
end_of_record
