TN:
SF:/Users/apple/D/project/easy-eventbus/src/eventBus.js
FN:12,Observer
FN:25,_addListener
FN:32,_removeListener
FN:33,(anonymous_3)
FN:36,_getListener
FN:46,(anonymous_5)
FN:73,(anonymous_6)
FN:74,(anonymous_7)
FN:75,(anonymous_8)
FN:89,(anonymous_9)
FN:99,(anonymous_10)
FN:100,(anonymous_11)
FN:116,(anonymous_12)
FN:128,(anonymous_13)
FN:130,(anonymous_14)
FNF:15
FNH:15
FNDA:12,Observer
FNDA:5,_addListener
FNDA:1,_removeListener
FNDA:1,(anonymous_3)
FNDA:1,_getListener
FNDA:15,(anonymous_5)
FNDA:19,(anonymous_6)
FNDA:7,(anonymous_7)
FNDA:3,(anonymous_8)
FNDA:4,(anonymous_9)
FNDA:3,(anonymous_10)
FNDA:3,(anonymous_11)
FNDA:1,(anonymous_12)
FNDA:3,(anonymous_13)
FNDA:2,(anonymous_14)
DA:12,1
DA:20,12
DA:21,12
DA:22,12
DA:25,1
DA:26,5
DA:32,1
DA:33,1
DA:36,1
DA:37,1
DA:46,1
DA:47,15
DA:49,15
DA:50,15
DA:51,15
DA:52,15
DA:58,15
DA:62,15
DA:63,15
DA:73,19
DA:74,19
DA:75,7
DA:76,7
DA:77,3
DA:89,4
DA:90,4
DA:99,3
DA:100,3
DA:101,3
DA:102,2
DA:103,2
DA:104,2
DA:105,2
DA:107,1
DA:116,1
DA:117,1
DA:118,1
DA:129,3
DA:130,2
DA:132,1
LF:40
LH:40
BRDA:76,0,0,3
BRDA:76,0,1,4
BRDA:101,1,0,2
BRDA:101,1,1,1
BRDA:129,2,0,2
BRDA:129,2,1,1
BRF:6
BRH:6
end_of_record
